self=$$;  ( mysqldump --single-transaction --quick --lock-tables=false -u _d907f35b63120581 -p********** _d907f35b63120581 -h 127.0.0.1 -P 3306   || kill $self )  | /usr/bin/gzip >> ./jobpro.local/private/backups/20221125_120005-jobpro_local-database.sql.gz

Backup Summary for jobpro.local at 2022-11-25 12:00:05.976870
Config  : ./jobpro.local/private/backups/20221125_120005-jobpro_local-site_config_backup.json 94.0B
Database: ./jobpro.local/private/backups/20221125_120005-jobpro_local-database.sql.gz         73.3KiB
Backup for Site jobpro.local has been successfully completed
self=$$;  ( mysqldump --single-transaction --quick --lock-tables=false -u _d907f35b63120581 -p********** _d907f35b63120581 -h 127.0.0.1 -P 3306   || kill $self )  | /usr/bin/gzip >> ./jobpro.local/private/backups/20221125_180007-jobpro_local-database.sql.gz

Backup Summary for jobpro.local at 2022-11-25 18:00:14.712058
Config  : ./jobpro.local/private/backups/20221125_180007-jobpro_local-site_config_backup.json 94.0B
Database: ./jobpro.local/private/backups/20221125_180007-jobpro_local-database.sql.gz         1.1MiB
Backup for Site jobpro.local has been successfully completed
self=$$;  ( mysqldump --single-transaction --quick --lock-tables=false -u _d907f35b63120581 -p********** _d907f35b63120581 -h 127.0.0.1 -P 3306   || kill $self )  | /usr/bin/gzip >> ./jobpro.local/private/backups/20221126_120009-jobpro_local-database.sql.gz

Backup Summary for jobpro.local at 2022-11-26 12:00:17.304726
Config  : ./jobpro.local/private/backups/20221126_120009-jobpro_local-site_config_backup.json 94.0B
Database: ./jobpro.local/private/backups/20221126_120009-jobpro_local-database.sql.gz         1.1MiB
Backup for Site jobpro.local has been successfully completed
self=$$;  ( mysqldump --single-transaction --quick --lock-tables=false -u _d907f35b63120581 -p********** _d907f35b63120581 -h 127.0.0.1 -P 3306   || kill $self )  | /usr/bin/gzip >> ./jobpro.local/private/backups/20221126_180009-jobpro_local-database.sql.gz

Backup Summary for jobpro.local at 2022-11-26 18:00:19.548378
Config  : ./jobpro.local/private/backups/20221126_180009-jobpro_local-site_config_backup.json 158.0B
Database: ./jobpro.local/private/backups/20221126_180009-jobpro_local-database.sql.gz         1.2MiB
Backup for Site jobpro.local has been successfully completed
self=$$;  ( mysqldump --single-transaction --quick --lock-tables=false -u _d907f35b63120581 -p********** _d907f35b63120581 -h 127.0.0.1 -P 3306   || kill $self )  | /usr/bin/gzip >> ./jobpro.local/private/backups/20221127_120008-jobpro_local-database.sql.gz

Backup Summary for jobpro.local at 2022-11-27 12:00:19.206236
Config  : ./jobpro.local/private/backups/20221127_120008-jobpro_local-site_config_backup.json 158.0B
Database: ./jobpro.local/private/backups/20221127_120008-jobpro_local-database.sql.gz         1.2MiB
Backup for Site jobpro.local has been successfully completed
self=$$;  ( mysqldump --single-transaction --quick --lock-tables=false -u _d907f35b63120581 -p********** _d907f35b63120581 -h 127.0.0.1 -P 3306   || kill $self )  | /usr/bin/gzip >> ./jobpro.local/private/backups/20221127_180005-jobpro_local-database.sql.gz

Backup Summary for jobpro.local at 2022-11-27 18:00:11.080690
Config  : ./jobpro.local/private/backups/20221127_180005-jobpro_local-site_config_backup.json 158.0B
Database: ./jobpro.local/private/backups/20221127_180005-jobpro_local-database.sql.gz         1.2MiB
Backup for Site jobpro.local has been successfully completed
self=$$;  ( mysqldump --single-transaction --quick --lock-tables=false -u _d907f35b63120581 -p********** _d907f35b63120581 -h 127.0.0.1 -P 3306   || kill $self )  | /usr/bin/gzip >> ./jobpro.local/private/backups/20221128_120011-jobpro_local-database.sql.gz

Backup Summary for jobpro.local at 2022-11-28 12:00:23.326924
Config  : ./jobpro.local/private/backups/20221128_120011-jobpro_local-site_config_backup.json 158.0B
Database: ./jobpro.local/private/backups/20221128_120011-jobpro_local-database.sql.gz         1.2MiB
Backup for Site jobpro.local has been successfully completed
self=$$;  ( mysqldump --single-transaction --quick --lock-tables=false -u _d907f35b63120581 -p********** _d907f35b63120581 -h 127.0.0.1 -P 3306   || kill $self )  | /usr/bin/gzip >> ./jobpro.local/private/backups/20221128_180010-jobpro_local-database.sql.gz

Backup Summary for jobpro.local at 2022-11-28 18:00:16.569076
Config  : ./jobpro.local/private/backups/20221128_180010-jobpro_local-site_config_backup.json 158.0B
Database: ./jobpro.local/private/backups/20221128_180010-jobpro_local-database.sql.gz         1.2MiB
Backup for Site jobpro.local has been successfully completed
self=$$;  ( mysqldump --single-transaction --quick --lock-tables=false -u _d907f35b63120581 -p********** _d907f35b63120581 -h 127.0.0.1 -P 3306   || kill $self )  | /usr/bin/gzip >> ./jobpro.local/private/backups/20221129_000013-jobpro_local-database.sql.gz

Backup Summary for jobpro.local at 2022-11-29 00:00:28.432158
Config  : ./jobpro.local/private/backups/20221129_000013-jobpro_local-site_config_backup.json 158.0B
Database: ./jobpro.local/private/backups/20221129_000013-jobpro_local-database.sql.gz         1.2MiB
Backup for Site jobpro.local has been successfully completed
self=$$;  ( mysqldump --single-transaction --quick --lock-tables=false -u _d907f35b63120581 -p********** _d907f35b63120581 -h 127.0.0.1 -P 3306   || kill $self )  | /usr/bin/gzip >> ./jobpro.local/private/backups/20221129_120004-jobpro_local-database.sql.gz

Backup Summary for jobpro.local at 2022-11-29 12:00:10.428613
Config  : ./jobpro.local/private/backups/20221129_120004-jobpro_local-site_config_backup.json 158.0B
Database: ./jobpro.local/private/backups/20221129_120004-jobpro_local-database.sql.gz         1.2MiB
Backup for Site jobpro.local has been successfully completed
self=$$;  ( mysqldump --single-transaction --quick --lock-tables=false -u _d907f35b63120581 -p********** _d907f35b63120581 -h 127.0.0.1 -P 3306   || kill $self )  | /usr/bin/gzip >> ./jobpro.local/private/backups/20221129_180010-jobpro_local-database.sql.gz

Backup Summary for jobpro.local at 2022-11-29 18:00:32.886515
Config  : ./jobpro.local/private/backups/20221129_180010-jobpro_local-site_config_backup.json 158.0B
Database: ./jobpro.local/private/backups/20221129_180010-jobpro_local-database.sql.gz         1.2MiB
Backup for Site jobpro.local has been successfully completed
self=$$;  ( mysqldump --single-transaction --quick --lock-tables=false -u _d907f35b63120581 -p********** _d907f35b63120581 -h 127.0.0.1 -P 3306   || kill $self )  | /usr/bin/gzip >> ./jobpro.local/private/backups/20221130_120009-jobpro_local-database.sql.gz

Backup Summary for jobpro.local at 2022-11-30 12:00:22.527190
Config  : ./jobpro.local/private/backups/20221130_120009-jobpro_local-site_config_backup.json 158.0B
Database: ./jobpro.local/private/backups/20221130_120009-jobpro_local-database.sql.gz         1.2MiB
Backup for Site jobpro.local has been successfully completed
self=$$;  ( mysqldump --single-transaction --quick --lock-tables=false -u _d907f35b63120581 -p********** _d907f35b63120581 -h 127.0.0.1 -P 3306   || kill $self )  | /usr/bin/gzip >> ./jobpro.local/private/backups/20221130_180007-jobpro_local-database.sql.gz

Backup Summary for jobpro.local at 2022-11-30 18:00:17.519071
Config  : ./jobpro.local/private/backups/20221130_180007-jobpro_local-site_config_backup.json 158.0B
Database: ./jobpro.local/private/backups/20221130_180007-jobpro_local-database.sql.gz         1.3MiB
Backup for Site jobpro.local has been successfully completed
self=$$;  ( mysqldump --single-transaction --quick --lock-tables=false -u _d907f35b63120581 -p********** _d907f35b63120581 -h 127.0.0.1 -P 3306   || kill $self )  | /usr/bin/gzip >> ./jobpro.local/private/backups/20221201_120006-jobpro_local-database.sql.gz

Backup Summary for jobpro.local at 2022-12-01 12:00:24.186624
Config  : ./jobpro.local/private/backups/20221201_120006-jobpro_local-site_config_backup.json 158.0B
Database: ./jobpro.local/private/backups/20221201_120006-jobpro_local-database.sql.gz         1.3MiB
Backup for Site jobpro.local has been successfully completed
self=$$;  ( mysqldump --single-transaction --quick --lock-tables=false -u _d907f35b63120581 -p********** _d907f35b63120581 -h 127.0.0.1 -P 3306   || kill $self )  | /usr/bin/gzip >> ./jobpro.local/private/backups/20221201_180018-jobpro_local-database.sql.gz

Backup Summary for jobpro.local at 2022-12-01 18:00:31.903005
Config  : ./jobpro.local/private/backups/20221201_180018-jobpro_local-site_config_backup.json 158.0B
Database: ./jobpro.local/private/backups/20221201_180018-jobpro_local-database.sql.gz         1.3MiB
Backup for Site jobpro.local has been successfully completed
self=$$;  ( mysqldump --single-transaction --quick --lock-tables=false -u _d907f35b63120581 -p********** _d907f35b63120581 -h 127.0.0.1 -P 3306   || kill $self )  | /usr/bin/gzip >> ./jobpro.local/private/backups/20221202_120007-jobpro_local-database.sql.gz

Backup Summary for jobpro.local at 2022-12-02 12:00:17.901949
Config  : ./jobpro.local/private/backups/20221202_120007-jobpro_local-site_config_backup.json 225.0B
Database: ./jobpro.local/private/backups/20221202_120007-jobpro_local-database.sql.gz         1.3MiB
Backup for Site jobpro.local has been successfully completed
self=$$;  ( mysqldump --single-transaction --quick --lock-tables=false -u _d907f35b63120581 -p********** _d907f35b63120581 -h 127.0.0.1 -P 3306   || kill $self )  | /usr/bin/gzip >> ./jobpro.local/private/backups/20221202_180008-jobpro_local-database.sql.gz

Backup Summary for jobpro.local at 2022-12-02 18:00:20.336957
Config  : ./jobpro.local/private/backups/20221202_180008-jobpro_local-site_config_backup.json 225.0B
Database: ./jobpro.local/private/backups/20221202_180008-jobpro_local-database.sql.gz         1.3MiB
Backup for Site jobpro.local has been successfully completed
self=$$;  ( mysqldump --single-transaction --quick --lock-tables=false -u _d907f35b63120581 -p********** _d907f35b63120581 -h 127.0.0.1 -P 3306   || kill $self )  | /usr/bin/gzip >> ./jobpro.local/private/backups/20221203_000008-jobpro_local-database.sql.gz

Backup Summary for jobpro.local at 2022-12-03 00:00:15.397669
Config  : ./jobpro.local/private/backups/20221203_000008-jobpro_local-site_config_backup.json 225.0B
Database: ./jobpro.local/private/backups/20221203_000008-jobpro_local-database.sql.gz         1.3MiB
Backup for Site jobpro.local has been successfully completed
self=$$;  ( mysqldump --single-transaction --quick --lock-tables=false -u _d907f35b63120581 -p********** _d907f35b63120581 -h 127.0.0.1 -P 3306   || kill $self )  | /usr/bin/gzip >> ./jobpro.local/private/backups/20221203_120006-jobpro_local-database.sql.gz

Backup Summary for jobpro.local at 2022-12-03 12:00:12.722867
Config  : ./jobpro.local/private/backups/20221203_120006-jobpro_local-site_config_backup.json 225.0B
Database: ./jobpro.local/private/backups/20221203_120006-jobpro_local-database.sql.gz         1.3MiB
Backup for Site jobpro.local has been successfully completed
self=$$;  ( mysqldump --single-transaction --quick --lock-tables=false -u _d907f35b63120581 -p********** _d907f35b63120581 -h 127.0.0.1 -P 3306   || kill $self )  | /usr/bin/gzip >> ./jobpro.local/private/backups/20221203_180011-jobpro_local-database.sql.gz

Backup Summary for jobpro.local at 2022-12-03 18:00:21.562929
Config  : ./jobpro.local/private/backups/20221203_180011-jobpro_local-site_config_backup.json 225.0B
Database: ./jobpro.local/private/backups/20221203_180011-jobpro_local-database.sql.gz         1.3MiB
Backup for Site jobpro.local has been successfully completed
self=$$;  ( mysqldump --single-transaction --quick --lock-tables=false -u _d907f35b63120581 -p********** _d907f35b63120581 -h 127.0.0.1 -P 3306   || kill $self )  | /usr/bin/gzip >> ./jobpro.local/private/backups/20221205_120011-jobpro_local-database.sql.gz

Backup Summary for jobpro.local at 2022-12-05 12:00:25.820816
Config  : ./jobpro.local/private/backups/20221205_120011-jobpro_local-site_config_backup.json 225.0B
Database: ./jobpro.local/private/backups/20221205_120011-jobpro_local-database.sql.gz         1.3MiB
Backup for Site jobpro.local has been successfully completed
self=$$;  ( mysqldump --single-transaction --quick --lock-tables=false -u _d907f35b63120581 -p********** _d907f35b63120581 -h 127.0.0.1 -P 3306   || kill $self )  | /usr/bin/gzip >> ./jobpro.local/private/backups/20221205_180009-jobpro_local-database.sql.gz

Backup Summary for jobpro.local at 2022-12-05 18:00:19.612321
Config  : ./jobpro.local/private/backups/20221205_180009-jobpro_local-site_config_backup.json 225.0B
Database: ./jobpro.local/private/backups/20221205_180009-jobpro_local-database.sql.gz         1.3MiB
Backup for Site jobpro.local has been successfully completed
self=$$;  ( mysqldump --single-transaction --quick --lock-tables=false -u _d907f35b63120581 -p********** _d907f35b63120581 -h 127.0.0.1 -P 3306   || kill $self )  | /usr/bin/gzip >> ./jobpro.local/private/backups/20221206_000013-jobpro_local-database.sql.gz

Backup Summary for jobpro.local at 2022-12-06 00:00:25.145325
Config  : ./jobpro.local/private/backups/20221206_000013-jobpro_local-site_config_backup.json 225.0B
Database: ./jobpro.local/private/backups/20221206_000013-jobpro_local-database.sql.gz         1.3MiB
Backup for Site jobpro.local has been successfully completed
self=$$;  ( mysqldump --single-transaction --quick --lock-tables=false -u _d907f35b63120581 -p********** _d907f35b63120581 -h 127.0.0.1 -P 3306   || kill $self )  | /usr/bin/gzip >> ./jobpro.local/private/backups/20221206_120013-jobpro_local-database.sql.gz

Backup Summary for jobpro.local at 2022-12-06 12:00:27.919987
Config  : ./jobpro.local/private/backups/20221206_120013-jobpro_local-site_config_backup.json 225.0B
Database: ./jobpro.local/private/backups/20221206_120013-jobpro_local-database.sql.gz         1.3MiB
Backup for Site jobpro.local has been successfully completed
self=$$;  ( mysqldump --single-transaction --quick --lock-tables=false -u _d907f35b63120581 -p********** _d907f35b63120581 -h 127.0.0.1 -P 3306   || kill $self )  | /usr/bin/gzip >> ./jobpro.local/private/backups/20221206_180012-jobpro_local-database.sql.gz

Backup Summary for jobpro.local at 2022-12-06 18:00:24.619902
Config  : ./jobpro.local/private/backups/20221206_180012-jobpro_local-site_config_backup.json 225.0B
Database: ./jobpro.local/private/backups/20221206_180012-jobpro_local-database.sql.gz         1.3MiB
Backup for Site jobpro.local has been successfully completed
self=$$;  ( mysqldump --single-transaction --quick --lock-tables=false -u _d907f35b63120581 -p********** _d907f35b63120581 -h 127.0.0.1 -P 3306   || kill $self )  | /usr/bin/gzip >> ./jobpro.local/private/backups/20221207_120007-jobpro_local-database.sql.gz

Backup Summary for jobpro.local at 2022-12-07 12:00:14.268861
Config  : ./jobpro.local/private/backups/20221207_120007-jobpro_local-site_config_backup.json 225.0B
Database: ./jobpro.local/private/backups/20221207_120007-jobpro_local-database.sql.gz         1.3MiB
Backup for Site jobpro.local has been successfully completed
self=$$;  ( mysqldump --single-transaction --quick --lock-tables=false -u _d907f35b63120581 -p********** _d907f35b63120581 -h 127.0.0.1 -P 3306   || kill $self )  | /usr/bin/gzip >> ./jobpro.local/private/backups/20221207_180007-jobpro_local-database.sql.gz

Backup Summary for jobpro.local at 2022-12-07 18:00:15.732701
Config  : ./jobpro.local/private/backups/20221207_180007-jobpro_local-site_config_backup.json 225.0B
Database: ./jobpro.local/private/backups/20221207_180007-jobpro_local-database.sql.gz         1.4MiB
Backup for Site jobpro.local has been successfully completed
self=$$;  ( mysqldump --single-transaction --quick --lock-tables=false -u _d907f35b63120581 -p********** _d907f35b63120581 -h 127.0.0.1 -P 3306   || kill $self )  | /usr/bin/gzip >> ./jobpro.local/private/backups/20221208_120012-jobpro_local-database.sql.gz

Backup Summary for jobpro.local at 2022-12-08 12:00:26.455549
Config  : ./jobpro.local/private/backups/20221208_120012-jobpro_local-site_config_backup.json 225.0B
Database: ./jobpro.local/private/backups/20221208_120012-jobpro_local-database.sql.gz         1.4MiB
Backup for Site jobpro.local has been successfully completed
self=$$;  ( mysqldump --single-transaction --quick --lock-tables=false -u _d907f35b63120581 -p********** _d907f35b63120581 -h 127.0.0.1 -P 3306   || kill $self )  | /usr/bin/gzip >> ./jobpro.local/private/backups/20221208_180005-jobpro_local-database.sql.gz

Backup Summary for jobpro.local at 2022-12-08 18:00:13.856257
Config  : ./jobpro.local/private/backups/20221208_180005-jobpro_local-site_config_backup.json 225.0B
Database: ./jobpro.local/private/backups/20221208_180005-jobpro_local-database.sql.gz         1.4MiB
Backup for Site jobpro.local has been successfully completed
self=$$;  ( mysqldump --single-transaction --quick --lock-tables=false -u _d907f35b63120581 -p********** _d907f35b63120581 -h 127.0.0.1 -P 3306   || kill $self )  | /usr/bin/gzip >> ./jobpro.local/private/backups/20221209_120008-jobpro_local-database.sql.gz

Backup Summary for jobpro.local at 2022-12-09 12:00:25.520206
Config  : ./jobpro.local/private/backups/20221209_120008-jobpro_local-site_config_backup.json 225.0B
Database: ./jobpro.local/private/backups/20221209_120008-jobpro_local-database.sql.gz         1.5MiB
Backup for Site jobpro.local has been successfully completed
self=$$;  ( mysqldump --single-transaction --quick --lock-tables=false -u _d907f35b63120581 -p********** _d907f35b63120581 -h 127.0.0.1 -P 3306   || kill $self )  | /usr/bin/gzip >> ./jobpro.local/private/backups/20221209_180007-jobpro_local-database.sql.gz

Backup Summary for jobpro.local at 2022-12-09 18:00:16.702829
Config  : ./jobpro.local/private/backups/20221209_180007-jobpro_local-site_config_backup.json 225.0B
Database: ./jobpro.local/private/backups/20221209_180007-jobpro_local-database.sql.gz         1.5MiB
Backup for Site jobpro.local has been successfully completed
self=$$;  ( mysqldump --single-transaction --quick --lock-tables=false -u _d907f35b63120581 -p********** _d907f35b63120581 -h 127.0.0.1 -P 3306   || kill $self )  | /usr/bin/gzip >> ./jobpro.local/private/backups/20221210_120011-jobpro_local-database.sql.gz

Backup Summary for jobpro.local at 2022-12-10 12:00:22.678690
Config  : ./jobpro.local/private/backups/20221210_120011-jobpro_local-site_config_backup.json 225.0B
Database: ./jobpro.local/private/backups/20221210_120011-jobpro_local-database.sql.gz         1.5MiB
Backup for Site jobpro.local has been successfully completed
self=$$;  ( mysqldump --single-transaction --quick --lock-tables=false -u _d907f35b63120581 -p********** _d907f35b63120581 -h 127.0.0.1 -P 3306   || kill $self )  | /usr/bin/gzip >> ./jobpro.local/private/backups/20221210_180007-jobpro_local-database.sql.gz

Backup Summary for jobpro.local at 2022-12-10 18:00:17.193082
Config  : ./jobpro.local/private/backups/20221210_180007-jobpro_local-site_config_backup.json 225.0B
Database: ./jobpro.local/private/backups/20221210_180007-jobpro_local-database.sql.gz         1.6MiB
Backup for Site jobpro.local has been successfully completed
self=$$;  ( mysqldump --single-transaction --quick --lock-tables=false -u _d907f35b63120581 -p********** _d907f35b63120581 -h 127.0.0.1 -P 3306   || kill $self )  | /usr/bin/gzip >> ./jobpro.local/private/backups/20221212_120014-jobpro_local-database.sql.gz

Backup Summary for jobpro.local at 2022-12-12 12:00:27.299468
Config  : ./jobpro.local/private/backups/20221212_120014-jobpro_local-site_config_backup.json 225.0B
Database: ./jobpro.local/private/backups/20221212_120014-jobpro_local-database.sql.gz         1.6MiB
Backup for Site jobpro.local has been successfully completed
self=$$;  ( mysqldump --single-transaction --quick --lock-tables=false -u _d907f35b63120581 -p********** _d907f35b63120581 -h 127.0.0.1 -P 3306   || kill $self )  | /usr/bin/gzip >> ./jobpro.local/private/backups/20221212_180011-jobpro_local-database.sql.gz

Backup Summary for jobpro.local at 2022-12-12 18:00:22.101773
Config  : ./jobpro.local/private/backups/20221212_180011-jobpro_local-site_config_backup.json 225.0B
Database: ./jobpro.local/private/backups/20221212_180011-jobpro_local-database.sql.gz         1.6MiB
Backup for Site jobpro.local has been successfully completed
self=$$;  ( mysqldump --single-transaction --quick --lock-tables=false -u _d907f35b63120581 -p********** _d907f35b63120581 -h 127.0.0.1 -P 3306   || kill $self )  | /usr/bin/gzip >> ./jobpro.local/private/backups/20221213_120013-jobpro_local-database.sql.gz

Backup Summary for jobpro.local at 2022-12-13 12:00:28.563811
Config  : ./jobpro.local/private/backups/20221213_120013-jobpro_local-site_config_backup.json 225.0B
Database: ./jobpro.local/private/backups/20221213_120013-jobpro_local-database.sql.gz         1.6MiB
Backup for Site jobpro.local has been successfully completed
self=$$;  ( mysqldump --single-transaction --quick --lock-tables=false -u _d907f35b63120581 -p********** _d907f35b63120581 -h 127.0.0.1 -P 3306   || kill $self )  | /usr/bin/gzip >> ./jobpro.local/private/backups/20221213_180008-jobpro_local-database.sql.gz

Backup Summary for jobpro.local at 2022-12-13 18:00:17.585340
Config  : ./jobpro.local/private/backups/20221213_180008-jobpro_local-site_config_backup.json 225.0B
Database: ./jobpro.local/private/backups/20221213_180008-jobpro_local-database.sql.gz         1.6MiB
Backup for Site jobpro.local has been successfully completed
self=$$;  ( mysqldump --single-transaction --quick --lock-tables=false -u _d907f35b63120581 -p********** _d907f35b63120581 -h 127.0.0.1 -P 3306   || kill $self )  | /usr/bin/gzip >> ./jobpro.local/private/backups/20221214_120012-jobpro_local-database.sql.gz

Backup Summary for jobpro.local at 2022-12-14 12:00:27.239381
Config  : ./jobpro.local/private/backups/20221214_120012-jobpro_local-site_config_backup.json 225.0B
Database: ./jobpro.local/private/backups/20221214_120012-jobpro_local-database.sql.gz         1.6MiB
Backup for Site jobpro.local has been successfully completed
self=$$;  ( mysqldump --single-transaction --quick --lock-tables=false -u _d907f35b63120581 -p********** _d907f35b63120581 -h 127.0.0.1 -P 3306   || kill $self )  | /usr/bin/gzip >> ./jobpro.local/private/backups/20221215_000010-jobpro_local-database.sql.gz

Backup Summary for jobpro.local at 2022-12-15 00:00:22.798011
Config  : ./jobpro.local/private/backups/20221215_000010-jobpro_local-site_config_backup.json 225.0B
Database: ./jobpro.local/private/backups/20221215_000010-jobpro_local-database.sql.gz         1.6MiB
Backup for Site jobpro.local has been successfully completed
self=$$;  ( mysqldump --single-transaction --quick --lock-tables=false -u _d907f35b63120581 -p********** _d907f35b63120581 -h 127.0.0.1 -P 3306   || kill $self )  | /usr/bin/gzip >> ./jobpro.local/private/backups/20221215_120014-jobpro_local-database.sql.gz

Backup Summary for jobpro.local at 2022-12-15 12:00:31.911368
Config  : ./jobpro.local/private/backups/20221215_120014-jobpro_local-site_config_backup.json 225.0B
Database: ./jobpro.local/private/backups/20221215_120014-jobpro_local-database.sql.gz         1.6MiB
Backup for Site jobpro.local has been successfully completed
self=$$;  ( mysqldump --single-transaction --quick --lock-tables=false -u _d907f35b63120581 -p********** _d907f35b63120581 -h 127.0.0.1 -P 3306   || kill $self )  | /usr/bin/gzip >> ./jobpro.local/private/backups/20221215_180006-jobpro_local-database.sql.gz

Backup Summary for jobpro.local at 2022-12-15 18:00:12.155590
Config  : ./jobpro.local/private/backups/20221215_180006-jobpro_local-site_config_backup.json 225.0B
Database: ./jobpro.local/private/backups/20221215_180006-jobpro_local-database.sql.gz         1.6MiB
Backup for Site jobpro.local has been successfully completed
self=$$;  ( mysqldump --single-transaction --quick --lock-tables=false -u _d907f35b63120581 -p********** _d907f35b63120581 -h 127.0.0.1 -P 3306   || kill $self )  | /usr/bin/gzip >> ./jobpro.local/private/backups/20221216_120013-jobpro_local-database.sql.gz

Backup Summary for jobpro.local at 2022-12-16 12:00:28.625346
Config  : ./jobpro.local/private/backups/20221216_120013-jobpro_local-site_config_backup.json 225.0B
Database: ./jobpro.local/private/backups/20221216_120013-jobpro_local-database.sql.gz         1.6MiB
Backup for Site jobpro.local has been successfully completed
self=$$;  ( mysqldump --single-transaction --quick --lock-tables=false -u _d907f35b63120581 -p********** _d907f35b63120581 -h 127.0.0.1 -P 3306   || kill $self )  | /usr/bin/gzip >> ./jobpro.local/private/backups/20221217_180007-jobpro_local-database.sql.gz

Backup Summary for jobpro.local at 2022-12-17 18:00:13.350263
Config  : ./jobpro.local/private/backups/20221217_180007-jobpro_local-site_config_backup.json 225.0B
Database: ./jobpro.local/private/backups/20221217_180007-jobpro_local-database.sql.gz         1.6MiB
Backup for Site jobpro.local has been successfully completed
self=$$;  ( mysqldump --single-transaction --quick --lock-tables=false -u _d907f35b63120581 -p********** _d907f35b63120581 -h 127.0.0.1 -P 3306   || kill $self )  | /usr/bin/gzip >> ./jobpro.local/private/backups/20221218_180006-jobpro_local-database.sql.gz

Backup Summary for jobpro.local at 2022-12-18 18:00:11.669533
Config  : ./jobpro.local/private/backups/20221218_180006-jobpro_local-site_config_backup.json 225.0B
Database: ./jobpro.local/private/backups/20221218_180006-jobpro_local-database.sql.gz         1.6MiB
Backup for Site jobpro.local has been successfully completed
self=$$;  ( mysqldump --single-transaction --quick --lock-tables=false -u _d907f35b63120581 -p********** _d907f35b63120581 -h 127.0.0.1 -P 3306   || kill $self )  | /usr/bin/gzip >> ./jobpro.local/private/backups/20221219_000008-jobpro_local-database.sql.gz

Backup Summary for jobpro.local at 2022-12-19 00:00:15.707335
Config  : ./jobpro.local/private/backups/20221219_000008-jobpro_local-site_config_backup.json 225.0B
Database: ./jobpro.local/private/backups/20221219_000008-jobpro_local-database.sql.gz         1.6MiB
Backup for Site jobpro.local has been successfully completed
self=$$;  ( mysqldump --single-transaction --quick --lock-tables=false -u _d907f35b63120581 -p********** _d907f35b63120581 -h 127.0.0.1 -P 3306   || kill $self )  | /usr/bin/gzip >> ./jobpro.local/private/backups/20221219_120010-jobpro_local-database.sql.gz

Backup Summary for jobpro.local at 2022-12-19 12:00:18.160657
Config  : ./jobpro.local/private/backups/20221219_120010-jobpro_local-site_config_backup.json 225.0B
Database: ./jobpro.local/private/backups/20221219_120010-jobpro_local-database.sql.gz         1.6MiB
Backup for Site jobpro.local has been successfully completed
self=$$;  ( mysqldump --single-transaction --quick --lock-tables=false -u _d907f35b63120581 -p********** _d907f35b63120581 -h 127.0.0.1 -P 3306   || kill $self )  | /usr/bin/gzip >> ./jobpro.local/private/backups/20221219_180014-jobpro_local-database.sql.gz

Backup Summary for jobpro.local at 2022-12-19 18:00:37.550931
Config  : ./jobpro.local/private/backups/20221219_180014-jobpro_local-site_config_backup.json 225.0B
Database: ./jobpro.local/private/backups/20221219_180014-jobpro_local-database.sql.gz         1.9MiB
Backup for Site jobpro.local has been successfully completed
self=$$;  ( mysqldump --single-transaction --quick --lock-tables=false -u _d907f35b63120581 -p********** _d907f35b63120581 -h 127.0.0.1 -P 3306   || kill $self )  | /usr/bin/gzip >> ./jobpro.local/private/backups/20221220_120011-jobpro_local-database.sql.gz

Backup Summary for jobpro.local at 2022-12-20 12:00:33.143665
Config  : ./jobpro.local/private/backups/20221220_120011-jobpro_local-site_config_backup.json 225.0B
Database: ./jobpro.local/private/backups/20221220_120011-jobpro_local-database.sql.gz         2.0MiB
Backup for Site jobpro.local has been successfully completed
self=$$;  ( mysqldump --single-transaction --quick --lock-tables=false -u _d907f35b63120581 -p********** _d907f35b63120581 -h 127.0.0.1 -P 3306   || kill $self )  | /usr/bin/gzip >> ./jobpro.local/private/backups/20221220_180011-jobpro_local-database.sql.gz

Backup Summary for jobpro.local at 2022-12-20 18:00:26.687045
Config  : ./jobpro.local/private/backups/20221220_180011-jobpro_local-site_config_backup.json 225.0B
Database: ./jobpro.local/private/backups/20221220_180011-jobpro_local-database.sql.gz         2.1MiB
Backup for Site jobpro.local has been successfully completed
self=$$;  ( mysqldump --single-transaction --quick --lock-tables=false -u _d907f35b63120581 -p********** _d907f35b63120581 -h 127.0.0.1 -P 3306   || kill $self )  | /usr/bin/gzip >> ./jobpro.local/private/backups/20221221_120015-jobpro_local-database.sql.gz

Backup Summary for jobpro.local at 2022-12-21 12:00:34.890858
Config  : ./jobpro.local/private/backups/20221221_120015-jobpro_local-site_config_backup.json 225.0B
Database: ./jobpro.local/private/backups/20221221_120015-jobpro_local-database.sql.gz         2.1MiB
Backup for Site jobpro.local has been successfully completed
self=$$;  ( mysqldump --single-transaction --quick --lock-tables=false -u _d907f35b63120581 -p********** _d907f35b63120581 -h 127.0.0.1 -P 3306   || kill $self )  | /usr/bin/gzip >> ./jobpro.local/private/backups/20221221_180010-jobpro_local-database.sql.gz

Backup Summary for jobpro.local at 2022-12-21 18:00:23.851767
Config  : ./jobpro.local/private/backups/20221221_180010-jobpro_local-site_config_backup.json 225.0B
Database: ./jobpro.local/private/backups/20221221_180010-jobpro_local-database.sql.gz         2.1MiB
Backup for Site jobpro.local has been successfully completed
self=$$;  ( mysqldump --single-transaction --quick --lock-tables=false -u _d907f35b63120581 -p********** _d907f35b63120581 -h 127.0.0.1 -P 3306   || kill $self )  | /usr/bin/gzip >> ./jobpro.local/private/backups/20221222_120011-jobpro_local-database.sql.gz

Backup Summary for jobpro.local at 2022-12-22 12:00:25.658089
Config  : ./jobpro.local/private/backups/20221222_120011-jobpro_local-site_config_backup.json 225.0B
Database: ./jobpro.local/private/backups/20221222_120011-jobpro_local-database.sql.gz         2.2MiB
Backup for Site jobpro.local has been successfully completed
self=$$;  ( mysqldump --single-transaction --quick --lock-tables=false -u _d907f35b63120581 -p********** _d907f35b63120581 -h 127.0.0.1 -P 3306   || kill $self )  | /usr/bin/gzip >> ./jobpro.local/private/backups/20221222_180010-jobpro_local-database.sql.gz

Backup Summary for jobpro.local at 2022-12-22 18:00:33.328360
Config  : ./jobpro.local/private/backups/20221222_180010-jobpro_local-site_config_backup.json 225.0B
Database: ./jobpro.local/private/backups/20221222_180010-jobpro_local-database.sql.gz         2.2MiB
Backup for Site jobpro.local has been successfully completed
self=$$;  ( mysqldump --single-transaction --quick --lock-tables=false -u _d907f35b63120581 -p********** _d907f35b63120581 -h 127.0.0.1 -P 3306   || kill $self )  | /usr/bin/gzip >> ./jobpro.local/private/backups/20221223_120010-jobpro_local-database.sql.gz

Backup Summary for jobpro.local at 2022-12-23 12:00:33.890896
Config  : ./jobpro.local/private/backups/20221223_120010-jobpro_local-site_config_backup.json 225.0B
Database: ./jobpro.local/private/backups/20221223_120010-jobpro_local-database.sql.gz         2.2MiB
Backup for Site jobpro.local has been successfully completed
self=$$;  ( mysqldump --single-transaction --quick --lock-tables=false -u _d907f35b63120581 -p********** _d907f35b63120581 -h 127.0.0.1 -P 3306   || kill $self )  | /usr/bin/gzip >> ./jobpro.local/private/backups/20221227_120006-jobpro_local-database.sql.gz

Backup Summary for jobpro.local at 2022-12-27 12:00:12.491052
Config  : ./jobpro.local/private/backups/20221227_120006-jobpro_local-site_config_backup.json 225.0B
Database: ./jobpro.local/private/backups/20221227_120006-jobpro_local-database.sql.gz         2.3MiB
Backup for Site jobpro.local has been successfully completed
self=$$;  ( mysqldump --single-transaction --quick --lock-tables=false -u _d907f35b63120581 -p********** _d907f35b63120581 -h 127.0.0.1 -P 3306   || kill $self )  | /usr/bin/gzip >> ./jobpro.local/private/backups/20221227_180011-jobpro_local-database.sql.gz

Backup Summary for jobpro.local at 2022-12-27 18:00:24.955920
Config  : ./jobpro.local/private/backups/20221227_180011-jobpro_local-site_config_backup.json 225.0B
Database: ./jobpro.local/private/backups/20221227_180011-jobpro_local-database.sql.gz         2.3MiB
Backup for Site jobpro.local has been successfully completed
self=$$;  ( mysqldump --single-transaction --quick --lock-tables=false -u _d907f35b63120581 -p********** _d907f35b63120581 -h 127.0.0.1 -P 3306   || kill $self )  | /usr/bin/gzip >> ./jobpro.local/private/backups/20221228_120013-jobpro_local-database.sql.gz

Backup Summary for jobpro.local at 2022-12-28 12:00:42.545785
Config  : ./jobpro.local/private/backups/20221228_120013-jobpro_local-site_config_backup.json 225.0B
Database: ./jobpro.local/private/backups/20221228_120013-jobpro_local-database.sql.gz         2.3MiB
Backup for Site jobpro.local has been successfully completed
self=$$;  ( mysqldump --single-transaction --quick --lock-tables=false -u _d907f35b63120581 -p********** _d907f35b63120581 -h 127.0.0.1 -P 3306   || kill $self )  | /usr/bin/gzip >> ./jobpro.local/private/backups/20221228_180012-jobpro_local-database.sql.gz

Backup Summary for jobpro.local at 2022-12-28 18:00:28.190924
Config  : ./jobpro.local/private/backups/20221228_180012-jobpro_local-site_config_backup.json 225.0B
Database: ./jobpro.local/private/backups/20221228_180012-jobpro_local-database.sql.gz         2.3MiB
Backup for Site jobpro.local has been successfully completed
self=$$;  ( mysqldump --single-transaction --quick --lock-tables=false -u _d907f35b63120581 -p********** _d907f35b63120581 -h 127.0.0.1 -P 3306   || kill $self )  | /usr/bin/gzip >> ./jobpro.local/private/backups/20221229_120014-jobpro_local-database.sql.gz

Backup Summary for jobpro.local at 2022-12-29 12:00:28.931059
Config  : ./jobpro.local/private/backups/20221229_120014-jobpro_local-site_config_backup.json 225.0B
Database: ./jobpro.local/private/backups/20221229_120014-jobpro_local-database.sql.gz         2.3MiB
Backup for Site jobpro.local has been successfully completed
self=$$;  ( mysqldump --single-transaction --quick --lock-tables=false -u _d907f35b63120581 -p********** _d907f35b63120581 -h 127.0.0.1 -P 3306   || kill $self )  | /usr/bin/gzip >> ./jobpro.local/private/backups/20221229_180014-jobpro_local-database.sql.gz

Backup Summary for jobpro.local at 2022-12-29 18:00:35.390325
Config  : ./jobpro.local/private/backups/20221229_180014-jobpro_local-site_config_backup.json 225.0B
Database: ./jobpro.local/private/backups/20221229_180014-jobpro_local-database.sql.gz         2.3MiB
Backup for Site jobpro.local has been successfully completed
self=$$;  ( mysqldump --single-transaction --quick --lock-tables=false -u _d907f35b63120581 -p********** _d907f35b63120581 -h 127.0.0.1 -P 3306   || kill $self )  | /usr/bin/gzip >> ./jobpro.local/private/backups/20221230_120010-jobpro_local-database.sql.gz

Backup Summary for jobpro.local at 2022-12-30 12:00:25.300059
Config  : ./jobpro.local/private/backups/20221230_120010-jobpro_local-site_config_backup.json 225.0B
Database: ./jobpro.local/private/backups/20221230_120010-jobpro_local-database.sql.gz         2.3MiB
Backup for Site jobpro.local has been successfully completed
self=$$;  ( mysqldump --single-transaction --quick --lock-tables=false -u _d907f35b63120581 -p********** _d907f35b63120581 -h 127.0.0.1 -P 3306   || kill $self )  | /usr/bin/gzip >> ./jobpro.local/private/backups/20221230_180013-jobpro_local-database.sql.gz

Backup Summary for jobpro.local at 2022-12-30 18:00:30.881214
Config  : ./jobpro.local/private/backups/20221230_180013-jobpro_local-site_config_backup.json 225.0B
Database: ./jobpro.local/private/backups/20221230_180013-jobpro_local-database.sql.gz         2.3MiB
Backup for Site jobpro.local has been successfully completed
self=$$;  ( mysqldump --single-transaction --quick --lock-tables=false -u _d907f35b63120581 -p********** _d907f35b63120581 -h 127.0.0.1 -P 3306   || kill $self )  | /usr/bin/gzip >> ./jobpro.local/private/backups/20221231_000013-jobpro_local-database.sql.gz

Backup Summary for jobpro.local at 2022-12-31 00:00:31.197553
Config  : ./jobpro.local/private/backups/20221231_000013-jobpro_local-site_config_backup.json 225.0B
Database: ./jobpro.local/private/backups/20221231_000013-jobpro_local-database.sql.gz         2.3MiB
Backup for Site jobpro.local has been successfully completed
self=$$;  ( mysqldump --single-transaction --quick --lock-tables=false -u _d907f35b63120581 -p********** _d907f35b63120581 -h 127.0.0.1 -P 3306   || kill $self )  | /usr/bin/gzip >> ./jobpro.local/private/backups/20221231_120011-jobpro_local-database.sql.gz

Backup Summary for jobpro.local at 2022-12-31 12:00:29.117886
Config  : ./jobpro.local/private/backups/20221231_120011-jobpro_local-site_config_backup.json 225.0B
Database: ./jobpro.local/private/backups/20221231_120011-jobpro_local-database.sql.gz         2.2MiB
Backup for Site jobpro.local has been successfully completed
self=$$;  ( mysqldump --single-transaction --quick --lock-tables=false -u _d907f35b63120581 -p********** _d907f35b63120581 -h 127.0.0.1 -P 3306   || kill $self )  | /usr/bin/gzip >> ./jobpro.local/private/backups/20230102_120011-jobpro_local-database.sql.gz

Backup Summary for jobpro.local at 2023-01-02 12:00:29.719899
Config  : ./jobpro.local/private/backups/20230102_120011-jobpro_local-site_config_backup.json 225.0B
Database: ./jobpro.local/private/backups/20230102_120011-jobpro_local-database.sql.gz         2.3MiB
Backup for Site jobpro.local has been successfully completed
self=$$;  ( mysqldump --single-transaction --quick --lock-tables=false -u _d907f35b63120581 -p********** _d907f35b63120581 -h 127.0.0.1 -P 3306   || kill $self )  | /usr/bin/gzip >> ./jobpro.local/private/backups/20230102_180005-jobpro_local-database.sql.gz

Backup Summary for jobpro.local at 2023-01-02 18:00:13.281260
Config  : ./jobpro.local/private/backups/20230102_180005-jobpro_local-site_config_backup.json 225.0B
Database: ./jobpro.local/private/backups/20230102_180005-jobpro_local-database.sql.gz         2.3MiB
Backup for Site jobpro.local has been successfully completed
self=$$;  ( mysqldump --single-transaction --quick --lock-tables=false -u _d907f35b63120581 -p********** _d907f35b63120581 -h 127.0.0.1 -P 3306   || kill $self )  | /usr/bin/gzip >> ./jobpro.local/private/backups/20230103_120011-jobpro_local-database.sql.gz

Backup Summary for jobpro.local at 2023-01-03 12:00:26.755939
Config  : ./jobpro.local/private/backups/20230103_120011-jobpro_local-site_config_backup.json 225.0B
Database: ./jobpro.local/private/backups/20230103_120011-jobpro_local-database.sql.gz         2.3MiB
Backup for Site jobpro.local has been successfully completed
self=$$;  ( mysqldump --single-transaction --quick --lock-tables=false -u _d907f35b63120581 -p********** _d907f35b63120581 -h 127.0.0.1 -P 3306   || kill $self )  | /usr/bin/gzip >> ./jobpro.local/private/backups/20230103_180007-jobpro_local-database.sql.gz

Backup Summary for jobpro.local at 2023-01-03 18:00:13.729333
Config  : ./jobpro.local/private/backups/20230103_180007-jobpro_local-site_config_backup.json 225.0B
Database: ./jobpro.local/private/backups/20230103_180007-jobpro_local-database.sql.gz         2.3MiB
Backup for Site jobpro.local has been successfully completed
self=$$;  ( mysqldump --single-transaction --quick --lock-tables=false -u _d907f35b63120581 -p********** _d907f35b63120581 -h 127.0.0.1 -P 3306   || kill $self )  | /usr/bin/gzip >> ./jobpro.local/private/backups/20230104_120008-jobpro_local-database.sql.gz

Backup Summary for jobpro.local at 2023-01-04 12:00:20.174100
Config  : ./jobpro.local/private/backups/20230104_120008-jobpro_local-site_config_backup.json 225.0B
Database: ./jobpro.local/private/backups/20230104_120008-jobpro_local-database.sql.gz         2.3MiB
Backup for Site jobpro.local has been successfully completed
self=$$;  ( mysqldump --single-transaction --quick --lock-tables=false -u _d907f35b63120581 -p********** _d907f35b63120581 -h 127.0.0.1 -P 3306   || kill $self )  | /usr/bin/gzip >> ./jobpro.local/private/backups/20230104_180006-jobpro_local-database.sql.gz

Backup Summary for jobpro.local at 2023-01-04 18:00:16.369354
Config  : ./jobpro.local/private/backups/20230104_180006-jobpro_local-site_config_backup.json 225.0B
Database: ./jobpro.local/private/backups/20230104_180006-jobpro_local-database.sql.gz         2.3MiB
Backup for Site jobpro.local has been successfully completed
self=$$;  ( mysqldump --single-transaction --quick --lock-tables=false -u _d907f35b63120581 -p********** _d907f35b63120581 -h 127.0.0.1 -P 3306   || kill $self )  | /usr/bin/gzip >> ./jobpro.local/private/backups/20230105_120011-jobpro_local-database.sql.gz

Backup Summary for jobpro.local at 2023-01-05 12:00:27.797349
Config  : ./jobpro.local/private/backups/20230105_120011-jobpro_local-site_config_backup.json 225.0B
Database: ./jobpro.local/private/backups/20230105_120011-jobpro_local-database.sql.gz         2.3MiB
Backup for Site jobpro.local has been successfully completed
self=$$;  ( mysqldump --single-transaction --quick --lock-tables=false -u _d907f35b63120581 -p********** _d907f35b63120581 -h 127.0.0.1 -P 3306   || kill $self )  | /usr/bin/gzip >> ./jobpro.local/private/backups/20230105_180011-jobpro_local-database.sql.gz

Backup Summary for jobpro.local at 2023-01-05 18:00:25.778010
Config  : ./jobpro.local/private/backups/20230105_180011-jobpro_local-site_config_backup.json 225.0B
Database: ./jobpro.local/private/backups/20230105_180011-jobpro_local-database.sql.gz         2.3MiB
Backup for Site jobpro.local has been successfully completed
self=$$;  ( mysqldump --single-transaction --quick --lock-tables=false -u _d907f35b63120581 -p********** _d907f35b63120581 -h 127.0.0.1 -P 3306   || kill $self )  | /usr/bin/gzip >> ./jobpro.local/private/backups/20230107_120010-jobpro_local-database.sql.gz

Backup Summary for jobpro.local at 2023-01-07 12:00:21.432980
Config  : ./jobpro.local/private/backups/20230107_120010-jobpro_local-site_config_backup.json 225.0B
Database: ./jobpro.local/private/backups/20230107_120010-jobpro_local-database.sql.gz         2.3MiB
Backup for Site jobpro.local has been successfully completed
self=$$;  ( mysqldump --single-transaction --quick --lock-tables=false -u _d907f35b63120581 -p********** _d907f35b63120581 -h 127.0.0.1 -P 3306   || kill $self )  | /usr/bin/gzip >> ./jobpro.local/private/backups/20230107_180005-jobpro_local-database.sql.gz

Backup Summary for jobpro.local at 2023-01-07 18:00:13.141670
Config  : ./jobpro.local/private/backups/20230107_180005-jobpro_local-site_config_backup.json 225.0B
Database: ./jobpro.local/private/backups/20230107_180005-jobpro_local-database.sql.gz         2.3MiB
Backup for Site jobpro.local has been successfully completed
self=$$;  ( mysqldump --single-transaction --quick --lock-tables=false -u _d907f35b63120581 -p********** _d907f35b63120581 -h 127.0.0.1 -P 3306   || kill $self )  | /usr/bin/gzip >> ./jobpro.local/private/backups/20230109_120005-jobpro_local-database.sql.gz

Backup Summary for jobpro.local at 2023-01-09 12:00:11.335351
Config  : ./jobpro.local/private/backups/20230109_120005-jobpro_local-site_config_backup.json 225.0B
Database: ./jobpro.local/private/backups/20230109_120005-jobpro_local-database.sql.gz         2.3MiB
Backup for Site jobpro.local has been successfully completed
self=$$;  ( mysqldump --single-transaction --quick --lock-tables=false -u _d907f35b63120581 -p********** _d907f35b63120581 -h 127.0.0.1 -P 3306   || kill $self )  | /usr/bin/gzip >> ./jobpro.local/private/backups/20230109_180012-jobpro_local-database.sql.gz

Backup Summary for jobpro.local at 2023-01-09 18:00:27.408063
Config  : ./jobpro.local/private/backups/20230109_180012-jobpro_local-site_config_backup.json 225.0B
Database: ./jobpro.local/private/backups/20230109_180012-jobpro_local-database.sql.gz         2.3MiB
Backup for Site jobpro.local has been successfully completed
self=$$;  ( mysqldump --single-transaction --quick --lock-tables=false -u _d907f35b63120581 -p********** _d907f35b63120581 -h 127.0.0.1 -P 3306   || kill $self )  | /usr/bin/gzip >> ./jobpro.local/private/backups/20230110_180011-jobpro_local-database.sql.gz

Backup Summary for jobpro.local at 2023-01-10 18:00:28.844950
Config  : ./jobpro.local/private/backups/20230110_180011-jobpro_local-site_config_backup.json 225.0B
Database: ./jobpro.local/private/backups/20230110_180011-jobpro_local-database.sql.gz         2.3MiB
Backup for Site jobpro.local has been successfully completed
self=$$;  ( mysqldump --single-transaction --quick --lock-tables=false -u _d907f35b63120581 -p********** _d907f35b63120581 -h 127.0.0.1 -P 3306   || kill $self )  | /usr/bin/gzip >> ./jobpro.local/private/backups/20230111_000017-jobpro_local-database.sql.gz

Backup Summary for jobpro.local at 2023-01-11 00:00:39.233233
Config  : ./jobpro.local/private/backups/20230111_000017-jobpro_local-site_config_backup.json 225.0B
Database: ./jobpro.local/private/backups/20230111_000017-jobpro_local-database.sql.gz         2.3MiB
Backup for Site jobpro.local has been successfully completed
self=$$;  ( mysqldump --single-transaction --quick --lock-tables=false -u _d907f35b63120581 -p********** _d907f35b63120581 -h 127.0.0.1 -P 3306   || kill $self )  | /usr/bin/gzip >> ./jobpro.local/private/backups/20230111_120012-jobpro_local-database.sql.gz

Backup Summary for jobpro.local at 2023-01-11 12:00:28.831753
Config  : ./jobpro.local/private/backups/20230111_120012-jobpro_local-site_config_backup.json 225.0B
Database: ./jobpro.local/private/backups/20230111_120012-jobpro_local-database.sql.gz         2.3MiB
Backup for Site jobpro.local has been successfully completed
self=$$;  ( mysqldump --single-transaction --quick --lock-tables=false -u _d907f35b63120581 -p********** _d907f35b63120581 -h 127.0.0.1 -P 3306   || kill $self )  | /usr/bin/gzip >> ./jobpro.local/private/backups/20230111_180007-jobpro_local-database.sql.gz

Backup Summary for jobpro.local at 2023-01-11 18:00:15.931501
Config  : ./jobpro.local/private/backups/20230111_180007-jobpro_local-site_config_backup.json 225.0B
Database: ./jobpro.local/private/backups/20230111_180007-jobpro_local-database.sql.gz         2.3MiB
Backup for Site jobpro.local has been successfully completed
self=$$;  ( mysqldump --single-transaction --quick --lock-tables=false -u _d907f35b63120581 -p********** _d907f35b63120581 -h 127.0.0.1 -P 3306   || kill $self )  | /usr/bin/gzip >> ./jobpro.local/private/backups/20230112_000013-jobpro_local-database.sql.gz

Backup Summary for jobpro.local at 2023-01-12 00:00:26.227989
Config  : ./jobpro.local/private/backups/20230112_000013-jobpro_local-site_config_backup.json 225.0B
Database: ./jobpro.local/private/backups/20230112_000013-jobpro_local-database.sql.gz         2.3MiB
Backup for Site jobpro.local has been successfully completed
self=$$;  ( mysqldump --single-transaction --quick --lock-tables=false -u _d907f35b63120581 -p********** _d907f35b63120581 -h 127.0.0.1 -P 3306   || kill $self )  | /usr/bin/gzip >> ./jobpro.local/private/backups/20230112_120012-jobpro_local-database.sql.gz

Backup Summary for jobpro.local at 2023-01-12 12:00:30.799655
Config  : ./jobpro.local/private/backups/20230112_120012-jobpro_local-site_config_backup.json 225.0B
Database: ./jobpro.local/private/backups/20230112_120012-jobpro_local-database.sql.gz         2.3MiB
Backup for Site jobpro.local has been successfully completed
